{"/home/julianahachmann/ju/band/shared/__dev__/EmptyGameAdapter.ts": {"path":"/home/julianahachmann/ju/band/shared/__dev__/EmptyGameAdapter.ts","statementMap":{"0":{"start":{"line":4,"column":0},"end":{"line":4,"column":56}},"1":{"start":{"line":5,"column":0},"end":{"line":5,"column":60}},"2":{"start":{"line":9,"column":12},"end":{"line":9,"column":null}},"3":{"start":{"line":11,"column":12},"end":{"line":11,"column":null}},"4":{"start":{"line":14,"column":8},"end":{"line":14,"column":null}},"5":{"start":{"line":17,"column":8},"end":{"line":17,"column":null}},"6":{"start":{"line":20,"column":8},"end":{"line":20,"column":null}},"7":{"start":{"line":7,"column":0},"end":{"line":7,"column":13}}},"fnMap":{"0":{"name":"(anonymous_0)","decl":{"start":{"line":7,"column":0},"end":{"line":7,"column":13}},"loc":{"start":{"line":7,"column":0},"end":{"line":23,"column":1}}},"1":{"name":"(anonymous_1)","decl":{"start":{"line":13,"column":4},"end":{"line":13,"column":24}},"loc":{"start":{"line":13,"column":24},"end":{"line":15,"column":5}}},"2":{"name":"(anonymous_2)","decl":{"start":{"line":16,"column":4},"end":{"line":16,"column":24}},"loc":{"start":{"line":16,"column":24},"end":{"line":18,"column":5}}},"3":{"name":"(anonymous_3)","decl":{"start":{"line":19,"column":4},"end":{"line":19,"column":12}},"loc":{"start":{"line":19,"column":12},"end":{"line":21,"column":5}}}},"branchMap":{},"s":{"0":1,"1":1,"2":1,"3":1,"4":1,"5":1,"6":1,"7":1},"f":{"0":1,"1":1,"2":1,"3":1},"b":{}}
,"/home/julianahachmann/ju/band/shared/__dev__/EmptyRepositoryMock.ts": {"path":"/home/julianahachmann/ju/band/shared/__dev__/EmptyRepositoryMock.ts","statementMap":{"0":{"start":{"line":6,"column":8},"end":{"line":6,"column":51}},"1":{"start":{"line":10,"column":7},"end":{"line":10,"column":null}},"2":{"start":{"line":14,"column":8},"end":{"line":14,"column":null}},"3":{"start":{"line":18,"column":8},"end":{"line":18,"column":null}},"4":{"start":{"line":3,"column":0},"end":{"line":3,"column":13}}},"fnMap":{"0":{"name":"(anonymous_0)","decl":{"start":{"line":5,"column":4},"end":{"line":5,"column":9}},"loc":{"start":{"line":5,"column":35},"end":{"line":7,"column":5}}},"1":{"name":"(anonymous_1)","decl":{"start":{"line":9,"column":4},"end":{"line":9,"column":9}},"loc":{"start":{"line":9,"column":35},"end":{"line":11,"column":5}}},"2":{"name":"(anonymous_2)","decl":{"start":{"line":13,"column":4},"end":{"line":13,"column":9}},"loc":{"start":{"line":13,"column":58},"end":{"line":15,"column":5}}},"3":{"name":"(anonymous_3)","decl":{"start":{"line":17,"column":4},"end":{"line":17,"column":9}},"loc":{"start":{"line":17,"column":48},"end":{"line":19,"column":5}}}},"branchMap":{},"s":{"0":0,"1":0,"2":0,"3":1,"4":1},"f":{"0":0,"1":0,"2":0,"3":1},"b":{}}
,"/home/julianahachmann/ju/band/shared/__dev__/GameAdapterMock.ts": {"path":"/home/julianahachmann/ju/band/shared/__dev__/GameAdapterMock.ts","statementMap":{"0":{"start":{"line":4,"column":0},"end":{"line":4,"column":72}},"1":{"start":{"line":5,"column":0},"end":{"line":5,"column":80}},"2":{"start":{"line":6,"column":0},"end":{"line":6,"column":56}},"3":{"start":{"line":10,"column":12},"end":{"line":10,"column":null}},"4":{"start":{"line":11,"column":12},"end":{"line":11,"column":null}},"5":{"start":{"line":12,"column":12},"end":{"line":12,"column":null}},"6":{"start":{"line":15,"column":8},"end":{"line":15,"column":null}},"7":{"start":{"line":18,"column":8},"end":{"line":18,"column":null}},"8":{"start":{"line":21,"column":8},"end":{"line":21,"column":null}},"9":{"start":{"line":8,"column":0},"end":{"line":8,"column":13}}},"fnMap":{"0":{"name":"(anonymous_0)","decl":{"start":{"line":8,"column":0},"end":{"line":8,"column":13}},"loc":{"start":{"line":8,"column":0},"end":{"line":24,"column":1}}},"1":{"name":"(anonymous_1)","decl":{"start":{"line":14,"column":4},"end":{"line":14,"column":24}},"loc":{"start":{"line":14,"column":24},"end":{"line":16,"column":5}}},"2":{"name":"(anonymous_2)","decl":{"start":{"line":17,"column":4},"end":{"line":17,"column":24}},"loc":{"start":{"line":17,"column":24},"end":{"line":19,"column":5}}},"3":{"name":"(anonymous_3)","decl":{"start":{"line":20,"column":4},"end":{"line":20,"column":12}},"loc":{"start":{"line":20,"column":12},"end":{"line":22,"column":5}}}},"branchMap":{},"s":{"0":1,"1":1,"2":1,"3":1,"4":1,"5":1,"6":24,"7":24,"8":24,"9":1},"f":{"0":1,"1":24,"2":24,"3":24},"b":{}}
,"/home/julianahachmann/ju/band/shared/__dev__/GameSessionRepositoryMock.ts": {"path":"/home/julianahachmann/ju/band/shared/__dev__/GameSessionRepositoryMock.ts","statementMap":{"0":{"start":{"line":8,"column":8},"end":{"line":8,"column":null}},"1":{"start":{"line":12,"column":8},"end":{"line":12,"column":null}},"2":{"start":{"line":16,"column":8},"end":{"line":16,"column":null}},"3":{"start":{"line":5,"column":0},"end":{"line":5,"column":13}}},"fnMap":{"0":{"name":"(anonymous_0)","decl":{"start":{"line":7,"column":4},"end":{"line":7,"column":8}},"loc":{"start":{"line":7,"column":29},"end":{"line":9,"column":5}}},"1":{"name":"(anonymous_1)","decl":{"start":{"line":11,"column":4},"end":{"line":11,"column":14}},"loc":{"start":{"line":11,"column":29},"end":{"line":13,"column":5}}},"2":{"name":"(anonymous_2)","decl":{"start":{"line":15,"column":4},"end":{"line":15,"column":17}},"loc":{"start":{"line":15,"column":52},"end":{"line":17,"column":5}}}},"branchMap":{},"s":{"0":0,"1":0,"2":0,"3":1},"f":{"0":0,"1":0,"2":0},"b":{}}
,"/home/julianahachmann/ju/band/shared/__dev__/GameTimerMock.ts": {"path":"/home/julianahachmann/ju/band/shared/__dev__/GameTimerMock.ts","statementMap":{"0":{"start":{"line":6,"column":8},"end":{"line":6,"column":51}},"1":{"start":{"line":9,"column":8},"end":{"line":9,"column":51}},"2":{"start":{"line":12,"column":8},"end":{"line":12,"column":51}},"3":{"start":{"line":15,"column":8},"end":{"line":15,"column":51}},"4":{"start":{"line":18,"column":8},"end":{"line":18,"column":51}},"5":{"start":{"line":21,"column":8},"end":{"line":21,"column":51}},"6":{"start":{"line":3,"column":0},"end":{"line":3,"column":13}}},"fnMap":{"0":{"name":"(anonymous_0)","decl":{"start":{"line":5,"column":4},"end":{"line":5,"column":13}},"loc":{"start":{"line":5,"column":13},"end":{"line":7,"column":5}}},"1":{"name":"(anonymous_1)","decl":{"start":{"line":8,"column":4},"end":{"line":8,"column":11}},"loc":{"start":{"line":8,"column":11},"end":{"line":10,"column":5}}},"2":{"name":"(anonymous_2)","decl":{"start":{"line":11,"column":4},"end":{"line":11,"column":15}},"loc":{"start":{"line":11,"column":15},"end":{"line":13,"column":5}}},"3":{"name":"(anonymous_3)","decl":{"start":{"line":14,"column":4},"end":{"line":14,"column":13}},"loc":{"start":{"line":14,"column":13},"end":{"line":16,"column":5}}},"4":{"name":"(anonymous_4)","decl":{"start":{"line":17,"column":4},"end":{"line":17,"column":9}},"loc":{"start":{"line":17,"column":9},"end":{"line":19,"column":5}}},"5":{"name":"(anonymous_5)","decl":{"start":{"line":20,"column":4},"end":{"line":20,"column":10}},"loc":{"start":{"line":20,"column":10},"end":{"line":22,"column":5}}}},"branchMap":{},"s":{"0":0,"1":0,"2":0,"3":0,"4":0,"5":0,"6":1},"f":{"0":0,"1":0,"2":0,"3":0,"4":0,"5":0},"b":{}}
,"/home/julianahachmann/ju/band/shared/__dev__/GeoItemRepositoryMock.ts": {"path":"/home/julianahachmann/ju/band/shared/__dev__/GeoItemRepositoryMock.ts","statementMap":{"0":{"start":{"line":1,"column":0},"end":{"line":1,"column":62}},"1":{"start":{"line":4,"column":0},"end":{"line":4,"column":48}},"2":{"start":{"line":11,"column":8},"end":{"line":13,"column":9}},"3":{"start":{"line":12,"column":12},"end":{"line":12,"column":null}},"4":{"start":{"line":15,"column":8},"end":{"line":17,"column":9}},"5":{"start":{"line":16,"column":12},"end":{"line":16,"column":null}},"6":{"start":{"line":19,"column":8},"end":{"line":19,"column":null}},"7":{"start":{"line":7,"column":0},"end":{"line":7,"column":13}}},"fnMap":{"0":{"name":"(anonymous_0)","decl":{"start":{"line":9,"column":4},"end":{"line":9,"column":9}},"loc":{"start":{"line":9,"column":51},"end":{"line":21,"column":5}}}},"branchMap":{"0":{"loc":{"start":{"line":11,"column":8},"end":{"line":13,"column":9}},"type":"if","locations":[{"start":{"line":11,"column":8},"end":{"line":13,"column":9}}]},"1":{"loc":{"start":{"line":15,"column":8},"end":{"line":17,"column":9}},"type":"if","locations":[{"start":{"line":15,"column":8},"end":{"line":17,"column":9}}]}},"s":{"0":1,"1":1,"2":24,"3":0,"4":24,"5":24,"6":0,"7":1},"f":{"0":24},"b":{"0":[0],"1":[24]}}
,"/home/julianahachmann/ju/band/shared/__dev__/data/geoItems.ts": {"path":"/home/julianahachmann/ju/band/shared/__dev__/data/geoItems.ts","statementMap":{"0":{"start":{"line":3,"column":13},"end":{"line":9,"column":null}},"1":{"start":{"line":11,"column":13},"end":{"line":25,"column":null}}},"fnMap":{},"branchMap":{},"s":{"0":1,"1":1},"f":{},"b":{}}
,"/home/julianahachmann/ju/band/shared/core/Game.ts": {"path":"/home/julianahachmann/ju/band/shared/core/Game.ts","statementMap":{"0":{"start":{"line":2,"column":0},"end":{"line":2,"column":83}},"1":{"start":{"line":4,"column":0},"end":{"line":4,"column":42}},"2":{"start":{"line":12,"column":16},"end":{"line":12,"column":38}},"3":{"start":{"line":13,"column":16},"end":{"line":13,"column":36}},"4":{"start":{"line":15,"column":25},"end":{"line":15,"column":60}},"5":{"start":{"line":16,"column":28},"end":{"line":16,"column":63}},"6":{"start":{"line":17,"column":22},"end":{"line":17,"column":45}},"7":{"start":{"line":18,"column":8},"end":{"line":18,"column":null}},"8":{"start":{"line":22,"column":21},"end":{"line":22,"column":54}},"9":{"start":{"line":23,"column":8},"end":{"line":23,"column":43}},"10":{"start":{"line":24,"column":8},"end":{"line":24,"column":20}},"11":{"start":{"line":29,"column":40},"end":{"line":33,"column":null}},"12":{"start":{"line":34,"column":8},"end":{"line":34,"column":49}},"13":{"start":{"line":59,"column":8},"end":{"line":59,"column":null}},"14":{"start":{"line":63,"column":8},"end":{"line":63,"column":null}},"15":{"start":{"line":67,"column":24},"end":{"line":67,"column":52}},"16":{"start":{"line":68,"column":8},"end":{"line":68,"column":null}},"17":{"start":{"line":72,"column":8},"end":{"line":72,"column":null}},"18":{"start":{"line":76,"column":8},"end":{"line":76,"column":null}},"19":{"start":{"line":7,"column":0},"end":{"line":7,"column":13}}},"fnMap":{"0":{"name":"(anonymous_0)","decl":{"start":{"line":11,"column":4},"end":{"line":11,"column":null}},"loc":{"start":{"line":13,"column":36},"end":{"line":19,"column":5}}},"1":{"name":"(anonymous_1)","decl":{"start":{"line":21,"column":4},"end":{"line":21,"column":10}},"loc":{"start":{"line":21,"column":76},"end":{"line":25,"column":5}}},"2":{"name":"(anonymous_2)","decl":{"start":{"line":27,"column":4},"end":{"line":27,"column":10}},"loc":{"start":{"line":27,"column":69},"end":{"line":35,"column":5}}},"3":{"name":"(anonymous_3)","decl":{"start":{"line":37,"column":4},"end":{"line":37,"column":9}},"loc":{"start":{"line":37,"column":9},"end":{"line":39,"column":5}}},"4":{"name":"(anonymous_4)","decl":{"start":{"line":41,"column":4},"end":{"line":41,"column":9}},"loc":{"start":{"line":41,"column":14},"end":{"line":44,"column":5}}},"5":{"name":"(anonymous_5)","decl":{"start":{"line":46,"column":4},"end":{"line":46,"column":9}},"loc":{"start":{"line":46,"column":13},"end":{"line":48,"column":5}}},"6":{"name":"(anonymous_6)","decl":{"start":{"line":50,"column":4},"end":{"line":50,"column":9}},"loc":{"start":{"line":50,"column":9},"end":{"line":52,"column":5}}},"7":{"name":"(anonymous_7)","decl":{"start":{"line":54,"column":4},"end":{"line":54,"column":10}},"loc":{"start":{"line":54,"column":10},"end":{"line":56,"column":5}}},"8":{"name":"(anonymous_8)","decl":{"start":{"line":58,"column":4},"end":{"line":58,"column":16}},"loc":{"start":{"line":58,"column":35},"end":{"line":60,"column":5}}},"9":{"name":"(anonymous_9)","decl":{"start":{"line":62,"column":4},"end":{"line":62,"column":14}},"loc":{"start":{"line":62,"column":14},"end":{"line":64,"column":5}}},"10":{"name":"(anonymous_10)","decl":{"start":{"line":66,"column":4},"end":{"line":66,"column":16}},"loc":{"start":{"line":66,"column":16},"end":{"line":69,"column":5}}},"11":{"name":"(anonymous_11)","decl":{"start":{"line":71,"column":4},"end":{"line":71,"column":16}},"loc":{"start":{"line":71,"column":16},"end":{"line":73,"column":5}}},"12":{"name":"(anonymous_12)","decl":{"start":{"line":75,"column":4},"end":{"line":75,"column":22}},"loc":{"start":{"line":75,"column":22},"end":{"line":77,"column":5}}}},"branchMap":{},"s":{"0":1,"1":1,"2":25,"3":25,"4":25,"5":25,"6":25,"7":25,"8":25,"9":25,"10":25,"11":0,"12":0,"13":0,"14":0,"15":20,"16":20,"17":0,"18":0,"19":1},"f":{"0":25,"1":25,"2":0,"3":0,"4":0,"5":0,"6":0,"7":0,"8":0,"9":0,"10":20,"11":0,"12":0},"b":{}}
,"/home/julianahachmann/ju/band/shared/core/GameEngine.ts": {"path":"/home/julianahachmann/ju/band/shared/core/GameEngine.ts","statementMap":{"0":{"start":{"line":6,"column":0},"end":{"line":6,"column":72}},"1":{"start":{"line":11,"column":6},"end":{"line":11,"column":null}},"2":{"start":{"line":15,"column":12},"end":{"line":15,"column":48}},"3":{"start":{"line":16,"column":12},"end":{"line":16,"column":52}},"4":{"start":{"line":17,"column":12},"end":{"line":17,"column":28}},"5":{"start":{"line":18,"column":12},"end":{"line":18,"column":32}},"6":{"start":{"line":19,"column":12},"end":{"line":19,"column":45}},"7":{"start":{"line":28,"column":34},"end":{"line":34,"column":null}},"8":{"start":{"line":35,"column":46},"end":{"line":35,"column":84}},"9":{"start":{"line":36,"column":4},"end":{"line":36,"column":null}},"10":{"start":{"line":45,"column":46},"end":{"line":45,"column":84}},"11":{"start":{"line":46,"column":4},"end":{"line":46,"column":null}},"12":{"start":{"line":50,"column":6},"end":{"line":52,"column":7}},"13":{"start":{"line":51,"column":10},"end":{"line":51,"column":null}},"14":{"start":{"line":56,"column":21},"end":{"line":56,"column":96}},"15":{"start":{"line":57,"column":22},"end":{"line":57,"column":68}},"16":{"start":{"line":58,"column":4},"end":{"line":58,"column":null}},"17":{"start":{"line":59,"column":4},"end":{"line":59,"column":null}},"18":{"start":{"line":69,"column":4},"end":{"line":69,"column":null}},"19":{"start":{"line":73,"column":4},"end":{"line":73,"column":null}},"20":{"start":{"line":77,"column":4},"end":{"line":77,"column":null}},"21":{"start":{"line":81,"column":4},"end":{"line":81,"column":null}},"22":{"start":{"line":8,"column":0},"end":{"line":8,"column":13}}},"fnMap":{"0":{"name":"(anonymous_0)","decl":{"start":{"line":10,"column":2},"end":{"line":10,"column":14}},"loc":{"start":{"line":10,"column":14},"end":{"line":12,"column":3}}},"1":{"name":"(anonymous_1)","decl":{"start":{"line":14,"column":2},"end":{"line":14,"column":null}},"loc":{"start":{"line":19,"column":45},"end":{"line":20,"column":7}}},"2":{"name":"(anonymous_2)","decl":{"start":{"line":22,"column":2},"end":{"line":22,"column":8}},"loc":{"start":{"line":26,"column":22},"end":{"line":37,"column":3}}},"3":{"name":"(anonymous_3)","decl":{"start":{"line":39,"column":2},"end":{"line":39,"column":8}},"loc":{"start":{"line":43,"column":24},"end":{"line":47,"column":3}}},"4":{"name":"(anonymous_4)","decl":{"start":{"line":49,"column":2},"end":{"line":49,"column":7}},"loc":{"start":{"line":49,"column":18},"end":{"line":53,"column":3}}},"5":{"name":"(anonymous_5)","decl":{"start":{"line":55,"column":10},"end":{"line":55,"column":15}},"loc":{"start":{"line":55,"column":35},"end":{"line":60,"column":3}}},"6":{"name":"(anonymous_6)","decl":{"start":{"line":64,"column":2},"end":{"line":64,"column":11}},"loc":{"start":{"line":64,"column":11},"end":{"line":66,"column":3}}},"7":{"name":"(anonymous_7)","decl":{"start":{"line":68,"column":2},"end":{"line":68,"column":7}},"loc":{"start":{"line":68,"column":15},"end":{"line":70,"column":3}}},"8":{"name":"(anonymous_8)","decl":{"start":{"line":72,"column":2},"end":{"line":72,"column":14}},"loc":{"start":{"line":72,"column":33},"end":{"line":74,"column":3}}},"9":{"name":"(anonymous_9)","decl":{"start":{"line":76,"column":2},"end":{"line":76,"column":12}},"loc":{"start":{"line":76,"column":12},"end":{"line":78,"column":3}}},"10":{"name":"(anonymous_10)","decl":{"start":{"line":80,"column":2},"end":{"line":80,"column":12}},"loc":{"start":{"line":80,"column":12},"end":{"line":82,"column":3}}}},"branchMap":{"0":{"loc":{"start":{"line":50,"column":6},"end":{"line":52,"column":7}},"type":"if","locations":[{"start":{"line":50,"column":6},"end":{"line":52,"column":7}}]}},"s":{"0":1,"1":0,"2":25,"3":25,"4":25,"5":25,"6":25,"7":25,"8":25,"9":25,"10":0,"11":0,"12":25,"13":25,"14":25,"15":25,"16":25,"17":25,"18":0,"19":0,"20":0,"21":40,"22":1},"f":{"0":0,"1":25,"2":25,"3":0,"4":25,"5":25,"6":0,"7":0,"8":0,"9":0,"10":40},"b":{"0":[25]}}
,"/home/julianahachmann/ju/band/shared/core/QuestionFactoy.ts": {"path":"/home/julianahachmann/ju/band/shared/core/QuestionFactoy.ts","statementMap":{"0":{"start":{"line":1,"column":0},"end":{"line":1,"column":71}},"1":{"start":{"line":15,"column":8},"end":{"line":22,"column":9}},"2":{"start":{"line":17,"column":16},"end":{"line":17,"column":49}},"3":{"start":{"line":19,"column":16},"end":{"line":19,"column":52}},"4":{"start":{"line":21,"column":16},"end":{"line":21,"column":49}},"5":{"start":{"line":26,"column":8},"end":{"line":29,"column":null}},"6":{"start":{"line":27,"column":27},"end":{"line":27,"column":57}},"7":{"start":{"line":28,"column":28},"end":{"line":28,"column":43}},"8":{"start":{"line":29,"column":32},"end":{"line":29,"column":37}},"9":{"start":{"line":33,"column":6},"end":{"line":33,"column":null}},"10":{"start":{"line":37,"column":27},"end":{"line":37,"column":85}},"11":{"start":{"line":37,"column":64},"end":{"line":37,"column":84}},"12":{"start":{"line":38,"column":23},"end":{"line":38,"column":40}},"13":{"start":{"line":40,"column":8},"end":{"line":42,"column":9}},"14":{"start":{"line":41,"column":12},"end":{"line":41,"column":null}},"15":{"start":{"line":44,"column":22},"end":{"line":44,"column":51}},"16":{"start":{"line":45,"column":8},"end":{"line":45,"column":null}},"17":{"start":{"line":5,"column":0},"end":{"line":5,"column":22}},"18":{"start":{"line":55,"column":39},"end":{"line":72,"column":10}},"19":{"start":{"line":56,"column":40},"end":{"line":70,"column":null}},"20":{"start":{"line":71,"column":12},"end":{"line":71,"column":null}},"21":{"start":{"line":74,"column":8},"end":{"line":74,"column":null}},"22":{"start":{"line":75,"column":8},"end":{"line":75,"column":null}},"23":{"start":{"line":80,"column":8},"end":{"line":80,"column":51}},"24":{"start":{"line":51,"column":0},"end":{"line":51,"column":13}},"25":{"start":{"line":88,"column":8},"end":{"line":88,"column":51}},"26":{"start":{"line":92,"column":8},"end":{"line":92,"column":51}},"27":{"start":{"line":85,"column":0},"end":{"line":85,"column":13}}},"fnMap":{"0":{"name":"(anonymous_0)","decl":{"start":{"line":14,"column":4},"end":{"line":14,"column":10}},"loc":{"start":{"line":14,"column":41},"end":{"line":23,"column":5}}},"1":{"name":"(anonymous_1)","decl":{"start":{"line":25,"column":14},"end":{"line":25,"column":25}},"loc":{"start":{"line":25,"column":38},"end":{"line":30,"column":5}}},"2":{"name":"(anonymous_2)","decl":{"start":{"line":27,"column":17},"end":{"line":27,"column":22}},"loc":{"start":{"line":27,"column":27},"end":{"line":27,"column":57}}},"3":{"name":"(anonymous_3)","decl":{"start":{"line":28,"column":18},"end":{"line":28,"column":19}},"loc":{"start":{"line":28,"column":28},"end":{"line":28,"column":43}}},"4":{"name":"(anonymous_4)","decl":{"start":{"line":29,"column":17},"end":{"line":29,"column":18}},"loc":{"start":{"line":29,"column":32},"end":{"line":29,"column":37}}},"5":{"name":"(anonymous_5)","decl":{"start":{"line":32,"column":14},"end":{"line":32,"column":30}},"loc":{"start":{"line":32,"column":51},"end":{"line":34,"column":5}}},"6":{"name":"(anonymous_6)","decl":{"start":{"line":36,"column":4},"end":{"line":36,"column":20}},"loc":{"start":{"line":36,"column":20},"end":{"line":46,"column":5}}},"7":{"name":"(anonymous_7)","decl":{"start":{"line":37,"column":50},"end":{"line":37,"column":51}},"loc":{"start":{"line":37,"column":64},"end":{"line":37,"column":84}}},"8":{"name":"(anonymous_8)","decl":{"start":{"line":54,"column":4},"end":{"line":54,"column":19}},"loc":{"start":{"line":54,"column":39},"end":{"line":77,"column":5}}},"9":{"name":"(anonymous_9)","decl":{"start":{"line":55,"column":52},"end":{"line":55,"column":59}},"loc":{"start":{"line":55,"column":62},"end":{"line":72,"column":9}}},"10":{"name":"(anonymous_10)","decl":{"start":{"line":79,"column":4},"end":{"line":79,"column":18}},"loc":{"start":{"line":79,"column":59},"end":{"line":81,"column":5}}},"11":{"name":"(anonymous_11)","decl":{"start":{"line":87,"column":4},"end":{"line":87,"column":19}},"loc":{"start":{"line":87,"column":39},"end":{"line":89,"column":5}}},"12":{"name":"(anonymous_12)","decl":{"start":{"line":91,"column":4},"end":{"line":91,"column":18}},"loc":{"start":{"line":91,"column":59},"end":{"line":93,"column":5}}}},"branchMap":{"0":{"loc":{"start":{"line":15,"column":8},"end":{"line":22,"column":9}},"type":"switch","locations":[{"start":{"line":16,"column":12},"end":{"line":17,"column":49}},{"start":{"line":18,"column":12},"end":{"line":19,"column":52}},{"start":{"line":20,"column":12},"end":{"line":21,"column":49}}]},"1":{"loc":{"start":{"line":40,"column":8},"end":{"line":42,"column":9}},"type":"if","locations":[{"start":{"line":40,"column":8},"end":{"line":42,"column":9}}]}},"s":{"0":1,"1":25,"2":25,"3":0,"4":0,"5":25,"6":72,"7":72,"8":72,"9":0,"10":0,"11":0,"12":0,"13":0,"14":0,"15":0,"16":0,"17":1,"18":25,"19":72,"20":72,"21":25,"22":25,"23":0,"24":1,"25":0,"26":0,"27":1},"f":{"0":25,"1":25,"2":72,"3":72,"4":72,"5":0,"6":0,"7":0,"8":25,"9":72,"10":0,"11":0,"12":0},"b":{"0":[25,0,0],"1":[0]}}
,"/home/julianahachmann/ju/band/shared/types/gameConfig.ts": {"path":"/home/julianahachmann/ju/band/shared/types/gameConfig.ts","statementMap":{"0":{"start":{"line":2,"column":0},"end":{"line":2,"column":null}},"1":{"start":{"line":3,"column":2},"end":{"line":3,"column":null}},"2":{"start":{"line":4,"column":2},"end":{"line":4,"column":null}},"3":{"start":{"line":7,"column":0},"end":{"line":7,"column":null}},"4":{"start":{"line":8,"column":2},"end":{"line":8,"column":null}},"5":{"start":{"line":9,"column":2},"end":{"line":9,"column":null}},"6":{"start":{"line":12,"column":0},"end":{"line":12,"column":null}},"7":{"start":{"line":13,"column":2},"end":{"line":13,"column":null}},"8":{"start":{"line":14,"column":2},"end":{"line":14,"column":null}},"9":{"start":{"line":15,"column":2},"end":{"line":15,"column":null}}},"fnMap":{"0":{"name":"(anonymous_0)","decl":{"start":{"line":2,"column":0},"end":{"line":2,"column":12}},"loc":{"start":{"line":2,"column":20},"end":{"line":5,"column":1}}},"1":{"name":"(anonymous_1)","decl":{"start":{"line":7,"column":0},"end":{"line":7,"column":12}},"loc":{"start":{"line":7,"column":23},"end":{"line":10,"column":1}}},"2":{"name":"(anonymous_2)","decl":{"start":{"line":12,"column":0},"end":{"line":12,"column":12}},"loc":{"start":{"line":12,"column":22},"end":{"line":16,"column":1}}}},"branchMap":{"0":{"loc":{"start":{"line":2,"column":12},"end":{"line":2,"column":null}},"type":"binary-expr","locations":[{"start":{"line":2,"column":12},"end":{"line":2,"column":20}},{"start":{"line":2,"column":20},"end":{"line":2,"column":null}}]},"1":{"loc":{"start":{"line":7,"column":12},"end":{"line":7,"column":null}},"type":"binary-expr","locations":[{"start":{"line":7,"column":12},"end":{"line":7,"column":23}},{"start":{"line":7,"column":23},"end":{"line":7,"column":null}}]},"2":{"loc":{"start":{"line":12,"column":12},"end":{"line":12,"column":null}},"type":"binary-expr","locations":[{"start":{"line":12,"column":12},"end":{"line":12,"column":22}},{"start":{"line":12,"column":22},"end":{"line":12,"column":null}}]}},"s":{"0":1,"1":1,"2":1,"3":1,"4":1,"5":1,"6":1,"7":1,"8":1,"9":1},"f":{"0":1,"1":1,"2":1},"b":{"0":[1,1],"1":[1,1],"2":[1,1]}}
}
