TN:
SF:__dev__/EmptyGameAdapter.ts
FN:7,(anonymous_0)
FN:13,(anonymous_1)
FN:16,(anonymous_2)
FN:19,(anonymous_3)
FNF:4
FNH:4
FNDA:1,(anonymous_0)
FNDA:1,(anonymous_1)
FNDA:1,(anonymous_2)
FNDA:1,(anonymous_3)
DA:4,1
DA:5,1
DA:7,1
DA:9,1
DA:11,1
DA:14,1
DA:17,1
DA:20,1
LF:8
LH:8
BRF:0
BRH:0
end_of_record
TN:
SF:__dev__/EmptyRepositoryMock.ts
FN:5,(anonymous_0)
FN:9,(anonymous_1)
FN:13,(anonymous_2)
FN:17,(anonymous_3)
FNF:4
FNH:1
FNDA:0,(anonymous_0)
FNDA:0,(anonymous_1)
FNDA:0,(anonymous_2)
FNDA:1,(anonymous_3)
DA:3,1
DA:6,0
DA:10,0
DA:14,0
DA:18,1
LF:5
LH:2
BRF:0
BRH:0
end_of_record
TN:
SF:__dev__/GameAdapterMock.ts
FN:8,(anonymous_0)
FN:14,(anonymous_1)
FN:17,(anonymous_2)
FN:20,(anonymous_3)
FNF:4
FNH:4
FNDA:1,(anonymous_0)
FNDA:24,(anonymous_1)
FNDA:24,(anonymous_2)
FNDA:24,(anonymous_3)
DA:4,1
DA:5,1
DA:6,1
DA:8,1
DA:10,1
DA:11,1
DA:12,1
DA:15,24
DA:18,24
DA:21,24
LF:10
LH:10
BRF:0
BRH:0
end_of_record
TN:
SF:__dev__/GameSessionRepositoryMock.ts
FN:7,(anonymous_0)
FN:11,(anonymous_1)
FN:15,(anonymous_2)
FNF:3
FNH:0
FNDA:0,(anonymous_0)
FNDA:0,(anonymous_1)
FNDA:0,(anonymous_2)
DA:5,1
DA:8,0
DA:12,0
DA:16,0
LF:4
LH:1
BRF:0
BRH:0
end_of_record
TN:
SF:__dev__/GameTimerMock.ts
FN:5,(anonymous_0)
FN:8,(anonymous_1)
FN:11,(anonymous_2)
FN:14,(anonymous_3)
FN:17,(anonymous_4)
FN:20,(anonymous_5)
FNF:6
FNH:0
FNDA:0,(anonymous_0)
FNDA:0,(anonymous_1)
FNDA:0,(anonymous_2)
FNDA:0,(anonymous_3)
FNDA:0,(anonymous_4)
FNDA:0,(anonymous_5)
DA:3,1
DA:6,0
DA:9,0
DA:12,0
DA:15,0
DA:18,0
DA:21,0
LF:7
LH:1
BRF:0
BRH:0
end_of_record
TN:
SF:__dev__/GeoItemRepositoryMock.ts
FN:9,(anonymous_0)
FNF:1
FNH:1
FNDA:24,(anonymous_0)
DA:1,1
DA:4,1
DA:7,1
DA:11,24
DA:12,0
DA:15,24
DA:16,24
DA:19,0
LF:8
LH:6
BRDA:11,0,0,0
BRDA:15,1,0,24
BRF:2
BRH:1
end_of_record
TN:
SF:__dev__/data/geoItems.ts
FNF:0
FNH:0
DA:3,1
DA:11,1
LF:2
LH:2
BRF:0
BRH:0
end_of_record
TN:
SF:core/Game.ts
FN:11,(anonymous_0)
FN:21,(anonymous_1)
FN:27,(anonymous_2)
FN:37,(anonymous_3)
FN:41,(anonymous_4)
FN:46,(anonymous_5)
FN:50,(anonymous_6)
FN:54,(anonymous_7)
FN:58,(anonymous_8)
FN:62,(anonymous_9)
FN:66,(anonymous_10)
FN:71,(anonymous_11)
FN:75,(anonymous_12)
FNF:13
FNH:3
FNDA:25,(anonymous_0)
FNDA:25,(anonymous_1)
FNDA:0,(anonymous_2)
FNDA:0,(anonymous_3)
FNDA:0,(anonymous_4)
FNDA:0,(anonymous_5)
FNDA:0,(anonymous_6)
FNDA:0,(anonymous_7)
FNDA:0,(anonymous_8)
FNDA:0,(anonymous_9)
FNDA:20,(anonymous_10)
FNDA:0,(anonymous_11)
FNDA:0,(anonymous_12)
DA:2,1
DA:4,1
DA:7,1
DA:12,25
DA:13,25
DA:15,25
DA:16,25
DA:17,25
DA:18,25
DA:22,25
DA:23,25
DA:24,25
DA:29,0
DA:34,0
DA:59,0
DA:63,0
DA:67,20
DA:68,20
DA:72,0
DA:76,0
LF:20
LH:14
BRF:0
BRH:0
end_of_record
TN:
SF:core/GameEngine.ts
FN:10,(anonymous_0)
FN:14,(anonymous_1)
FN:22,(anonymous_2)
FN:39,(anonymous_3)
FN:49,(anonymous_4)
FN:55,(anonymous_5)
FN:64,(anonymous_6)
FN:68,(anonymous_7)
FN:72,(anonymous_8)
FN:76,(anonymous_9)
FN:80,(anonymous_10)
FNF:11
FNH:5
FNDA:0,(anonymous_0)
FNDA:25,(anonymous_1)
FNDA:25,(anonymous_2)
FNDA:0,(anonymous_3)
FNDA:25,(anonymous_4)
FNDA:25,(anonymous_5)
FNDA:0,(anonymous_6)
FNDA:0,(anonymous_7)
FNDA:0,(anonymous_8)
FNDA:0,(anonymous_9)
FNDA:40,(anonymous_10)
DA:6,1
DA:8,1
DA:11,0
DA:15,25
DA:16,25
DA:17,25
DA:18,25
DA:19,25
DA:28,25
DA:35,25
DA:36,25
DA:45,0
DA:46,0
DA:50,25
DA:51,25
DA:56,25
DA:57,25
DA:58,25
DA:59,25
DA:69,0
DA:73,0
DA:77,0
DA:81,40
LF:23
LH:17
BRDA:50,0,0,25
BRF:1
BRH:1
end_of_record
TN:
SF:core/QuestionFactoy.ts
FN:14,(anonymous_0)
FN:25,(anonymous_1)
FN:27,(anonymous_2)
FN:28,(anonymous_3)
FN:29,(anonymous_4)
FN:32,(anonymous_5)
FN:36,(anonymous_6)
FN:37,(anonymous_7)
FN:54,(anonymous_8)
FN:55,(anonymous_9)
FN:79,(anonymous_10)
FN:87,(anonymous_11)
FN:91,(anonymous_12)
FNF:13
FNH:7
FNDA:25,(anonymous_0)
FNDA:25,(anonymous_1)
FNDA:72,(anonymous_2)
FNDA:72,(anonymous_3)
FNDA:72,(anonymous_4)
FNDA:0,(anonymous_5)
FNDA:0,(anonymous_6)
FNDA:0,(anonymous_7)
FNDA:25,(anonymous_8)
FNDA:72,(anonymous_9)
FNDA:0,(anonymous_10)
FNDA:0,(anonymous_11)
FNDA:0,(anonymous_12)
DA:1,1
DA:5,1
DA:15,25
DA:17,25
DA:19,0
DA:21,0
DA:26,25
DA:27,72
DA:28,72
DA:29,72
DA:33,0
DA:37,0
DA:38,0
DA:40,0
DA:41,0
DA:44,0
DA:45,0
DA:51,1
DA:55,25
DA:56,72
DA:71,72
DA:74,25
DA:75,25
DA:80,0
DA:85,1
DA:88,0
DA:92,0
LF:27
LH:15
BRDA:15,0,0,25
BRDA:15,0,1,0
BRDA:15,0,2,0
BRDA:40,1,0,0
BRF:4
BRH:1
end_of_record
TN:
SF:types/gameConfig.ts
FN:2,(anonymous_0)
FN:7,(anonymous_1)
FN:12,(anonymous_2)
FNF:3
FNH:3
FNDA:1,(anonymous_0)
FNDA:1,(anonymous_1)
FNDA:1,(anonymous_2)
DA:2,1
DA:3,1
DA:4,1
DA:7,1
DA:8,1
DA:9,1
DA:12,1
DA:13,1
DA:14,1
DA:15,1
LF:10
LH:10
BRDA:2,0,0,1
BRDA:2,0,1,1
BRDA:7,1,0,1
BRDA:7,1,1,1
BRDA:12,2,0,1
BRDA:12,2,1,1
BRF:6
BRH:6
end_of_record
